<?xml version="1.0" encoding="UTF-8"?>
<!-- Generated by org.testng.reporters.JUnitReportReporter -->
<testsuite hostname="Oli-PC" name="de.treichels.wea.bat64.xml.MarshallerUnmarshallerTest" tests="7" failures="0" timestamp="23 Jan 2016 15:01:01 GMT" time="1.348" errors="0">
  <testcase name="testEquals" time="0.091" classname="de.treichels.wea.bat64.xml.MarshallerUnmarshallerTest"/>
  <testcase name="testEquals" time="0.075" classname="de.treichels.wea.bat64.xml.MarshallerUnmarshallerTest"/>
  <testcase name="testEquals" time="0.228" classname="de.treichels.wea.bat64.xml.MarshallerUnmarshallerTest"/>
  <testcase name="testEquals" time="0.163" classname="de.treichels.wea.bat64.xml.MarshallerUnmarshallerTest"/>
  <testcase name="testEquals" time="0.074" classname="de.treichels.wea.bat64.xml.MarshallerUnmarshallerTest"/>
  <testcase name="testEquals" time="0.050" classname="de.treichels.wea.bat64.xml.MarshallerUnmarshallerTest"/>
  <testcase name="testEquals" time="0.667" classname="de.treichels.wea.bat64.xml.MarshallerUnmarshallerTest"/>
</testsuite> <!-- de.treichels.wea.bat64.xml.MarshallerUnmarshallerTest -->
